<?xml version="1.0" encoding="UTF-8"?>
<testng-results skipped="0" failed="0" total="1" passed="1">
  <reporter-output>
  </reporter-output>
  <suite name="Default suite" duration-ms="142854" started-at="2020-05-31T15:25:54Z" finished-at="2020-05-31T15:28:17Z">
    <groups>
    </groups>
    <test name="Default test" duration-ms="142854" started-at="2020-05-31T15:25:54Z" finished-at="2020-05-31T15:28:17Z">
      <class name="testCases.LoginPageTest">
        <test-method status="PASS" signature="testSetUp()[pri:0, instance:testCases.LoginPageTest@1b0f2b9]" name="testSetUp" is-config="true" duration-ms="10485" started-at="2020-05-31T20:55:54Z" finished-at="2020-05-31T20:56:05Z">
          <reporter-output>
          </reporter-output>
        </test-method> <!-- testSetUp -->
        <test-method status="PASS" signature="validateBrokenLinks()[pri:1, instance:testCases.LoginPageTest@1b0f2b9]" name="validateBrokenLinks" duration-ms="132346" started-at="2020-05-31T20:56:05Z" description="Verify if links are broken" finished-at="2020-05-31T20:58:17Z">
          <reporter-output>
          </reporter-output>
        </test-method> <!-- validateBrokenLinks -->
        <test-method status="PASS" signature="tearDown()[pri:0, instance:testCases.LoginPageTest@1b0f2b9]" name="tearDown" is-config="true" duration-ms="1" started-at="2020-05-31T20:58:17Z" finished-at="2020-05-31T20:58:17Z">
          <reporter-output>
          </reporter-output>
        </test-method> <!-- tearDown -->
      </class> <!-- testCases.LoginPageTest -->
    </test> <!-- Default test -->
  </suite> <!-- Default suite -->
</testng-results>
